{
  "RSpec": {
    "coverage": {
      "/Users/ogomb/Documents/ride-sharing-app/spec/controllers/admin/application_controller_spec.rb": [
        1,
        null,
        1,
        null,
        2,
        null,
        1,
        1,
        1,
        null,
        null,
        1,
        1,
        1,
        1,
        1,
        null,
        null,
        null
      ],
      "/Users/ogomb/Documents/ride-sharing-app/spec/rails_helper.rb": [
        null,
        1,
        1,
        1,
        null,
        1,
        1,
        null,
        null,
        1,
        null,
        null,
        null,
        null,
        null,
        null,
        null,
        null,
        null,
        null,
        null,
        null,
        null,
        3,
        null,
        null,
        null,
        1,
        1,
        null,
        0,
        0,
        null,
        1,
        null,
        1,
        null,
        null,
        null,
        null,
        1,
        null,
        null,
        null,
        null,
        null,
        null,
        null,
        null,
        null,
        null,
        null,
        null,
        null,
        null,
        1,
        null,
        null,
        1,
        null,
        null,
        null,
        1,
        39,
        null
      ],
      "/Users/ogomb/Documents/ride-sharing-app/config/environment.rb": [
        null,
        1,
        null,
        null,
        1
      ],
      "/Users/ogomb/Documents/ride-sharing-app/config/application.rb": [
        1,
        null,
        1,
        null,
        null,
        null,
        1,
        null,
        1,
        1,
        null,
        1,
        null,
        null,
        null,
        null,
        null,
        null,
        null
      ],
      "/Users/ogomb/Documents/ride-sharing-app/config/boot.rb": [
        1,
        null,
        1,
        1
      ],
      "/Users/ogomb/Documents/ride-sharing-app/config/environments/test.rb": [
        1,
        null,
        null,
        null,
        null,
        null,
        null,
        1,
        null,
        null,
        null,
        null,
        1,
        null,
        null,
        1,
        1,
        null,
        null,
        null,
        null,
        1,
        1,
        null,
        null,
        1,
        null,
        null,
        1,
        null,
        null,
        1,
        null,
        1,
        null,
        null,
        null,
        null,
        1,
        null,
        null,
        1,
        null,
        null,
        null,
        null
      ],
      "/Users/ogomb/Documents/ride-sharing-app/config/initializers/application_controller_renderer.rb": [
        null,
        null,
        null,
        null,
        null,
        null,
        null,
        null
      ],
      "/Users/ogomb/Documents/ride-sharing-app/config/initializers/assets.rb": [
        null,
        null,
        null,
        1,
        null,
        null,
        null,
        null,
        1,
        null,
        null,
        null,
        null,
        null
      ],
      "/Users/ogomb/Documents/ride-sharing-app/config/initializers/backtrace_silencers.rb": [
        null,
        null,
        null,
        null,
        null,
        null,
        null
      ],
      "/Users/ogomb/Documents/ride-sharing-app/config/initializers/content_security_policy.rb": [
        null,
        null,
        null,
        null,
        null,
        null,
        null,
        null,
        null,
        null,
        null,
        null,
        null,
        null,
        null,
        null,
        null,
        null,
        null,
        null,
        null,
        null,
        null,
        null,
        null
      ],
      "/Users/ogomb/Documents/ride-sharing-app/config/initializers/cookies_serializer.rb": [
        null,
        null,
        null,
        null,
        1
      ],
      "/Users/ogomb/Documents/ride-sharing-app/config/initializers/devise.rb": [
        null,
        null,
        null,
        null,
        1,
        null,
        null,
        null,
        null,
        null,
        null,
        null,
        null,
        null,
        null,
        null,
        null,
        null,
        null,
        null,
        1,
        null,
        null,
        null,
        null,
        null,
        null,
        null,
        null,
        null,
        null,
        null,
        1,
        null,
        null,
        null,
        null,
        null,
        null,
        null,
        null,
        null,
        null,
        null,
        null,
        null,
        null,
        null,
        null,
        null,
        null,
        null,
        null,
        null,
        1,
        null,
        null,
        null,
        null,
        1,
        null,
        null,
        null,
        null,
        null,
        null,
        null,
        null,
        null,
        null,
        null,
        null,
        null,
        null,
        null,
        null,
        null,
        null,
        null,
        null,
        null,
        null,
        null,
        null,
        null,
        null,
        null,
        null,
        null,
        null,
        1,
        null,
        null,
        null,
        null,
        null,
        null,
        null,
        null,
        null,
        null,
        null,
        null,
        null,
        null,
        null,
        null,
        null,
        null,
        null,
        null,
        null,
        null,
        1,
        null,
        null,
        null,
        null,
        null,
        null,
        null,
        null,
        null,
        null,
        null,
        null,
        null,
        null,
        null,
        null,
        null,
        null,
        null,
        null,
        null,
        null,
        null,
        null,
        null,
        null,
        null,
        null,
        null,
        null,
        1,
        null,
        null,
        null,
        null,
        null,
        null,
        null,
        null,
        null,
        1,
        null,
        null,
        null,
        null,
        null,
        null,
        null,
        null,
        null,
        null,
        1,
        null,
        null,
        null,
        null,
        1,
        null,
        null,
        null,
        null,
        null,
        null,
        null,
        null,
        null,
        null,
        null,
        null,
        null,
        null,
        null,
        null,
        null,
        null,
        null,
        null,
        null,
        null,
        null,
        null,
        null,
        null,
        null,
        null,
        null,
        null,
        null,
        null,
        null,
        null,
        null,
        null,
        null,
        null,
        null,
        null,
        1,
        null,
        null,
        null,
        null,
        null,
        null,
        null,
        null,
        null,
        null,
        null,
        null,
        null,
        null,
        null,
        null,
        null,
        null,
        null,
        null,
        null,
        null,
        null,
        null,
        null,
        null,
        null,
        null,
        null,
        null,
        null,
        null,
        null,
        null,
        null,
        null,
        null,
        null,
        null,
        null,
        null,
        1,
        null,
        null,
        null,
        null,
        null,
        null,
        null,
        null,
        null,
        null,
        null,
        null,
        null,
        null,
        null,
        null,
        null,
        null,
        null,
        null,
        null,
        null,
        null,
        null,
        null,
        null,
        null,
        null,
        null,
        null,
        null,
        null,
        null,
        null,
        null,
        null
      ],
      "/Users/ogomb/Documents/ride-sharing-app/config/initializers/filter_parameter_logging.rb": [
        null,
        null,
        null,
        1
      ],
      "/Users/ogomb/Documents/ride-sharing-app/config/initializers/inflections.rb": [
        null,
        null,
        null,
        null,
        null,
        null,
        null,
        null,
        null,
        null,
        null,
        null,
        null,
        null,
        null,
        null
      ],
      "/Users/ogomb/Documents/ride-sharing-app/config/initializers/mime_types.rb": [
        null,
        null,
        null,
        null
      ],
      "/Users/ogomb/Documents/ride-sharing-app/config/initializers/simple_form.rb": [
        null,
        null,
        null,
        null,
        null,
        null,
        null,
        null,
        null,
        1,
        null,
        null,
        null,
        null,
        null,
        1,
        null,
        null,
        null,
        null,
        null,
        null,
        null,
        null,
        null,
        1,
        null,
        null,
        null,
        1,
        null,
        null,
        null,
        null,
        null,
        null,
        null,
        null,
        null,
        1,
        null,
        null,
        1,
        null,
        null,
        1,
        null,
        null,
        1,
        null,
        null,
        1,
        null,
        null,
        null,
        1,
        1,
        1,
        null,
        null,
        null,
        null,
        null,
        null,
        null,
        null,
        null,
        1,
        null,
        null,
        null,
        null,
        null,
        1,
        null,
        null,
        1,
        null,
        null,
        null,
        null,
        null,
        null,
        null,
        1,
        null,
        null,
        1,
        null,
        null,
        null,
        null,
        null,
        null,
        null,
        null,
        null,
        null,
        null,
        null,
        null,
        null,
        null,
        null,
        null,
        null,
        null,
        null,
        null,
        null,
        null,
        null,
        null,
        null,
        null,
        null,
        null,
        null,
        null,
        null,
        null,
        null,
        null,
        null,
        null,
        null,
        null,
        null,
        null,
        null,
        null,
        null,
        1,
        null,
        null,
        null,
        null,
        null,
        null,
        null,
        null,
        null,
        null,
        null,
        null,
        null,
        null,
        null,
        null,
        null,
        null,
        null,
        null,
        null,
        null,
        null,
        null,
        null,
        null,
        null,
        null,
        null,
        null,
        null,
        null,
        null,
        null,
        null,
        null,
        1,
        null,
        null,
        null,
        null,
        null,
        null,
        null,
        null,
        null,
        null,
        null,
        null
      ],
      "/Users/ogomb/Documents/ride-sharing-app/config/initializers/simple_form_bootstrap.rb": [
        null,
        null,
        null,
        null,
        null,
        null,
        null,
        null,
        null,
        null,
        null,
        null,
        null,
        null,
        null,
        1,
        null,
        1,
        null,
        null,
        1,
        null,
        null,
        64,
        null,
        null,
        1,
        null,
        null,
        1,
        null,
        null,
        null,
        1,
        null,
        null,
        1,
        null,
        null,
        null,
        null,
        1,
        null,
        null,
        1,
        1,
        null,
        null,
        null,
        null,
        null,
        1,
        1,
        1,
        1,
        1,
        1,
        1,
        1,
        1,
        1,
        1,
        1,
        null,
        null,
        null,
        1,
        1,
        1,
        1,
        1,
        1,
        1,
        1,
        null,
        null,
        null,
        null,
        1,
        1,
        1,
        1,
        1,
        null,
        1,
        1,
        1,
        null,
        null,
        null,
        1,
        1,
        1,
        1,
        1,
        null,
        1,
        1,
        1,
        null,
        null,
        null,
        1,
        1,
        1,
        1,
        1,
        1,
        1,
        1,
        1,
        1,
        null,
        null,
        null,
        1,
        1,
        1,
        1,
        1,
        1,
        null,
        1,
        1,
        null,
        null,
        null,
        1,
        1,
        1,
        1,
        1,
        1,
        1,
        1,
        1,
        null,
        null,
        null,
        null,
        null,
        null,
        1,
        1,
        1,
        1,
        1,
        1,
        1,
        1,
        1,
        1,
        1,
        1,
        1,
        null,
        null,
        null,
        null,
        1,
        1,
        1,
        1,
        1,
        null,
        1,
        1,
        1,
        1,
        1,
        1,
        null,
        null,
        null,
        null,
        null,
        1,
        1,
        1,
        1,
        1,
        1,
        1,
        1,
        null,
        null,
        null,
        null,
        1,
        1,
        1,
        1,
        1,
        1,
        1,
        1,
        null,
        null,
        null,
        null,
        1,
        1,
        1,
        1,
        1,
        1,
        1,
        1,
        1,
        1,
        1,
        null,
        null,
        null,
        null,
        1,
        1,
        1,
        1,
        1,
        1,
        1,
        null,
        1,
        1,
        null,
        null,
        null,
        null,
        1,
        1,
        1,
        1,
        1,
        1,
        1,
        1,
        1,
        1,
        null,
        null,
        null,
        null,
        null,
        null,
        null,
        1,
        1,
        1,
        1,
        1,
        1,
        1,
        1,
        1,
        null,
        1,
        1,
        1,
        null,
        null,
        null,
        1,
        1,
        1,
        1,
        1,
        1,
        1,
        null,
        null,
        null,
        null,
        null,
        null,
        1,
        1,
        1,
        1,
        1,
        1,
        1,
        1,
        null,
        null,
        null,
        1,
        1,
        1,
        1,
        1,
        1,
        1,
        1,
        null,
        null,
        null,
        null,
        1,
        1,
        1,
        1,
        1,
        null,
        1,
        1,
        1,
        null,
        null,
        null,
        1,
        1,
        1,
        1,
        1,
        null,
        1,
        1,
        1,
        null,
        null,
        null,
        1,
        1,
        1,
        1,
        1,
        1,
        1,
        1,
        1,
        1,
        1,
        null,
        1,
        null,
        null,
        null,
        1,
        1,
        1,
        1,
        1,
        1,
        null,
        1,
        1,
        null,
        null,
        null,
        1,
        1,
        1,
        1,
        1,
        1,
        1,
        1,
        1,
        null,
        null,
        null,
        null,
        null,
        null,
        null,
        null,
        null,
        null,
        null,
        null,
        null,
        null,
        null,
        null,
        null,
        null,
        null,
        null,
        null,
        null,
        null,
        null,
        null,
        null,
        null,
        1,
        1,
        1,
        1,
        1,
        1,
        1,
        1,
        1,
        1,
        1,
        1,
        null,
        null,
        null,
        1,
        1,
        1,
        1,
        1,
        1,
        1,
        null,
        null,
        null,
        null,
        1,
        null,
        null,
        null,
        1,
        null,
        null,
        null,
        null,
        null,
        null,
        null,
        null,
        null,
        null,
        null,
        null,
        null,
        null,
        null,
        null,
        null,
        null,
        null,
        null,
        null,
        null
      ],
      "/Users/ogomb/Documents/ride-sharing-app/config/initializers/wrap_parameters.rb": [
        null,
        null,
        null,
        null,
        null,
        null,
        1,
        2,
        null,
        null,
        null,
        null,
        null,
        null
      ],
      "/Users/ogomb/Documents/ride-sharing-app/spec/factories/interest_factory.rb": [
        1,
        1,
        1,
        null,
        null
      ],
      "/Users/ogomb/Documents/ride-sharing-app/spec/factories/ride_factory.rb": [
        1,
        1,
        1,
        null,
        null
      ],
      "/Users/ogomb/Documents/ride-sharing-app/spec/factories/user_factory.rb": [
        1,
        1,
        76,
        1,
        null,
        1,
        1,
        null,
        null,
        null
      ],
      "/Users/ogomb/Documents/ride-sharing-app/config/routes.rb": [
        1,
        null,
        1,
        1,
        null,
        1,
        1,
        1,
        1,
        null,
        null,
        null,
        1,
        null,
        1,
        null,
        1,
        1,
        null,
        null,
        1,
        null
      ],
      "/Users/ogomb/Documents/ride-sharing-app/app/models/user.rb": [
        1,
        1,
        null,
        null,
        1,
        null,
        null,
        11,
        null,
        1,
        23,
        null,
        null,
        1,
        2,
        null,
        null,
        1,
        103,
        null,
        null,
        1,
        1,
        null,
        null,
        1,
        11,
        null,
        null
      ],
      "/Users/ogomb/Documents/ride-sharing-app/app/models/application_record.rb": [
        1,
        1,
        null
      ],
      "/Users/ogomb/Documents/ride-sharing-app/app/helpers/admin/application_helper.rb": [
        1,
        1,
        11,
        null,
        11,
        33,
        null,
        null,
        11,
        null,
        null
      ],
      "/Users/ogomb/Documents/ride-sharing-app/app/helpers/admin/rides_helper.rb": [
        1,
        null
      ],
      "/Users/ogomb/Documents/ride-sharing-app/app/helpers/admin/users_helper.rb": [
        1,
        null
      ],
      "/Users/ogomb/Documents/ride-sharing-app/app/helpers/application_helper.rb": [
        1,
        null,
        1,
        109,
        null,
        null,
        1,
        21,
        null,
        null,
        1,
        null,
        null,
        null,
        0,
        null,
        null
      ],
      "/Users/ogomb/Documents/ride-sharing-app/app/helpers/interests_helper.rb": [
        1,
        null
      ],
      "/Users/ogomb/Documents/ride-sharing-app/app/helpers/rides_helper.rb": [
        1,
        null
      ],
      "/Users/ogomb/Documents/ride-sharing-app/spec/support/pundit_matcher.rb": [
        1,
        31,
        31,
        null,
        null,
        31,
        null,
        0,
        null,
        null,
        31,
        null,
        0,
        null,
        null
      ],
      "/Users/ogomb/Documents/ride-sharing-app/spec/support/authorization_helpers.rb": [
        1,
        1,
        41,
        41,
        null,
        null,
        null,
        1,
        1,
        null
      ],
      "/Users/ogomb/Documents/ride-sharing-app/app/controllers/admin/application_controller.rb": [
        1,
        1,
        1,
        null,
        null,
        null,
        1,
        null,
        1,
        35,
        null,
        35,
        1,
        null,
        null,
        null
      ],
      "/Users/ogomb/Documents/ride-sharing-app/app/controllers/application_controller.rb": [
        1,
        1,
        null
      ],
      "/Users/ogomb/Documents/ride-sharing-app/spec/controllers/admin/rides_controller_spec.rb": [
        1,
        null,
        1,
        null,
        null
      ],
      "/Users/ogomb/Documents/ride-sharing-app/app/controllers/admin/rides_controller.rb": [
        1,
        1,
        0,
        null,
        null,
        1,
        0,
        null,
        0,
        0,
        0,
        null,
        0,
        0,
        null,
        null,
        null,
        1,
        1,
        1,
        null,
        1,
        1,
        null,
        null,
        1,
        null,
        1,
        0,
        null,
        null
      ],
      "/Users/ogomb/Documents/ride-sharing-app/spec/controllers/interests_controller_spec.rb": [
        1,
        null,
        1,
        null,
        null
      ],
      "/Users/ogomb/Documents/ride-sharing-app/app/controllers/interests_controller.rb": [
        1,
        1,
        1,
        1,
        2,
        2,
        null,
        null,
        null,
        1,
        2,
        2,
        2,
        null,
        2,
        1,
        1,
        null,
        1,
        1,
        null,
        null,
        null,
        1,
        10,
        null,
        null,
        1,
        2,
        null,
        null,
        1,
        2,
        null,
        2,
        1,
        1,
        null,
        1,
        1,
        null,
        null,
        null,
        1,
        1,
        null,
        1,
        1,
        1,
        null,
        null,
        null,
        1,
        null,
        1,
        4,
        null,
        null,
        1,
        19,
        null,
        null,
        1,
        15,
        null,
        null
      ],
      "/Users/ogomb/Documents/ride-sharing-app/spec/controllers/rides_controller_spec.rb": [
        1,
        null,
        1,
        1,
        null,
        null,
        null,
        null,
        null,
        null,
        null,
        null,
        null
      ],
      "/Users/ogomb/Documents/ride-sharing-app/app/controllers/rides_controller.rb": [
        1,
        null,
        1,
        1,
        1,
        21,
        21,
        null,
        null,
        1,
        4,
        null,
        null,
        1,
        4,
        4,
        null,
        4,
        2,
        2,
        2,
        null,
        2,
        0,
        0,
        null,
        null,
        2,
        null,
        2,
        2,
        null,
        null,
        null,
        1,
        17,
        null,
        null,
        1,
        2,
        null,
        null,
        1,
        2,
        null,
        2,
        1,
        1,
        null,
        1,
        1,
        null,
        null,
        null,
        1,
        0,
        0,
        0,
        0,
        0,
        0,
        0,
        null,
        null,
        0,
        0,
        0,
        null,
        0,
        null,
        null,
        null,
        1,
        null,
        1,
        21,
        null,
        null,
        1,
        6,
        null,
        null,
        1,
        21,
        null,
        0,
        0,
        null,
        null
      ],
      "/Users/ogomb/Documents/ride-sharing-app/spec/features/admin/archiving_users_spec.rb": [
        1,
        null,
        1,
        3,
        2,
        null,
        1,
        2,
        null,
        null,
        1,
        1,
        1,
        null,
        1,
        1,
        null,
        null,
        1,
        1,
        1,
        null,
        1,
        null,
        null
      ],
      "/Users/ogomb/Documents/ride-sharing-app/spec/features/admin/creating_rides_spec.rb": [
        1,
        null,
        1,
        1,
        2,
        2,
        null,
        2,
        null,
        1,
        1,
        1,
        1,
        1,
        null,
        1,
        null,
        null,
        1,
        1,
        null,
        1,
        1,
        null,
        null
      ],
      "/Users/ogomb/Documents/ride-sharing-app/spec/features/admin/creating_users_spec.rb": [
        1,
        null,
        1,
        3,
        null,
        1,
        2,
        2,
        2,
        2,
        2,
        null,
        null,
        1,
        1,
        1,
        1,
        1,
        null,
        null,
        1,
        1,
        1,
        1,
        1,
        1,
        1,
        null,
        null
      ],
      "/Users/ogomb/Documents/ride-sharing-app/spec/features/admin/deleting_rides_spec.rb": [
        1,
        null,
        1,
        1,
        1,
        null,
        1,
        1,
        null,
        1,
        1,
        1,
        null,
        1,
        1,
        1,
        null,
        null
      ],
      "/Users/ogomb/Documents/ride-sharing-app/spec/features/admin/editing_users_spec.rb": [
        1,
        null,
        1,
        3,
        3,
        null,
        1,
        2,
        2,
        2,
        null,
        null,
        1,
        1,
        1,
        null,
        1,
        1,
        1,
        null,
        null,
        1,
        1,
        1,
        null,
        1,
        1,
        null,
        null
      ],
      "/Users/ogomb/Documents/ride-sharing-app/spec/features/admin/managing_roles_spec.rb": [
        1,
        null,
        1,
        3,
        2,
        null,
        3,
        3,
        null,
        1,
        2,
        null,
        null,
        1,
        1,
        1,
        null,
        1,
        1,
        null,
        1,
        1,
        null,
        1,
        1,
        1,
        null,
        null,
        1,
        1,
        null,
        1,
        1,
        null,
        1,
        1,
        null,
        1,
        1,
        1,
        null,
        null
      ],
      "/Users/ogomb/Documents/ride-sharing-app/spec/features/creating_interest_spec.rb": [
        1,
        null,
        1,
        3,
        1,
        2,
        2,
        2,
        null,
        2,
        2,
        null,
        null,
        1,
        1,
        1,
        null,
        1,
        1,
        1,
        null,
        null,
        null,
        1,
        1,
        null,
        1,
        1,
        null,
        null
      ],
      "/Users/ogomb/Documents/ride-sharing-app/spec/features/creating_rides_spec.rb": [
        1,
        null,
        1,
        1,
        2,
        2,
        null,
        2,
        null,
        1,
        1,
        1,
        1,
        1,
        null,
        1,
        null,
        null,
        1,
        1,
        null,
        1,
        1,
        null,
        null
      ],
      "/Users/ogomb/Documents/ride-sharing-app/spec/features/deleting_interests_spec.rb": [
        1,
        1,
        2,
        2,
        2,
        null,
        1,
        1,
        1,
        1,
        null,
        null,
        1,
        1,
        1,
        1,
        null,
        null
      ],
      "/Users/ogomb/Documents/ride-sharing-app/spec/features/editing_interests_spec.rb": [
        1,
        1,
        3,
        3,
        3,
        null,
        1,
        2,
        2,
        null,
        2,
        2,
        null,
        null,
        1,
        1,
        1,
        1,
        1,
        1,
        1,
        null,
        null,
        1,
        1,
        1,
        1,
        null,
        null
      ],
      "/Users/ogomb/Documents/ride-sharing-app/spec/features/editing_rides_spec.rb": [
        1,
        null,
        1,
        3,
        3,
        null,
        1,
        2,
        2,
        null,
        2,
        2,
        2,
        null,
        null,
        1,
        1,
        1,
        null,
        1,
        1,
        null,
        null,
        1,
        1,
        1,
        null,
        1,
        null,
        null
      ],
      "/Users/ogomb/Documents/ride-sharing-app/spec/features/hidden_links_spec.rb": [
        1,
        null,
        1,
        12,
        9,
        6,
        5,
        null,
        1,
        1,
        7,
        7,
        null,
        1,
        1,
        1,
        null,
        null,
        1,
        1,
        1,
        null,
        null,
        1,
        1,
        1,
        null,
        null,
        1,
        1,
        1,
        null,
        null,
        1,
        1,
        1,
        null,
        null,
        1,
        1,
        1,
        null,
        null,
        1,
        1,
        1,
        null,
        null,
        null,
        1,
        6,
        null,
        1,
        1,
        1,
        null,
        null,
        1,
        1,
        1,
        null,
        null,
        1,
        1,
        1,
        null,
        null,
        1,
        1,
        1,
        null,
        null,
        1,
        1,
        1,
        null,
        null,
        null
      ],
      "/Users/ogomb/Documents/ride-sharing-app/spec/features/signing_in_spec.rb": [
        1,
        null,
        1,
        3,
        null,
        1,
        1,
        1,
        1,
        1,
        1,
        1,
        1,
        null,
        null,
        1,
        1,
        null,
        1,
        1,
        1,
        1,
        1,
        null,
        1,
        null,
        null
      ],
      "/Users/ogomb/Documents/ride-sharing-app/spec/features/signing_out_spec.rb": [
        1,
        1,
        2,
        1,
        1,
        null,
        1,
        1,
        1,
        1,
        null,
        null
      ],
      "/Users/ogomb/Documents/ride-sharing-app/spec/features/signing_up_spec.rb": [
        1,
        1,
        1,
        1,
        1,
        1,
        1,
        1,
        1,
        1,
        null,
        null
      ],
      "/Users/ogomb/Documents/ride-sharing-app/spec/features/viewing_interests_spec.rb": [
        1,
        1,
        null,
        1,
        1,
        null,
        1,
        1,
        1,
        null,
        1,
        1,
        1,
        null,
        null,
        1,
        1,
        null,
        null,
        1,
        1,
        1,
        1,
        1,
        1,
        1,
        null,
        null,
        null
      ],
      "/Users/ogomb/Documents/ride-sharing-app/spec/features/viewing_rides_spec.rb": [
        1,
        null,
        1,
        2,
        2,
        null,
        1,
        1,
        1,
        null,
        null,
        1,
        1,
        1,
        1,
        null,
        null
      ],
      "/Users/ogomb/Documents/ride-sharing-app/spec/policies/interest_policy_spec.rb": [
        1,
        null,
        1,
        1,
        20,
        null,
        16,
        20,
        20,
        null,
        1,
        5,
        2,
        2,
        2,
        2,
        null,
        null,
        1,
        4,
        2,
        2,
        2,
        null,
        null,
        null,
        1,
        5,
        2,
        2,
        2,
        2,
        null,
        null,
        1,
        1,
        4,
        null,
        2,
        2,
        2,
        2,
        null,
        null,
        1,
        5,
        2,
        2,
        2,
        2,
        null,
        null,
        null
      ],
      "/Users/ogomb/Documents/ride-sharing-app/app/policies/interest_policy.rb": [
        1,
        1,
        1,
        0,
        null,
        null,
        null,
        1,
        15,
        null,
        null,
        1,
        26,
        null,
        null,
        null,
        1,
        18,
        14,
        null,
        null,
        1,
        16,
        null,
        null
      ],
      "/Users/ogomb/Documents/ride-sharing-app/app/policies/application_policy.rb": [
        1,
        1,
        null,
        1,
        125,
        125,
        null,
        null,
        1,
        0,
        null,
        null,
        1,
        0,
        null,
        null,
        1,
        0,
        null,
        null,
        1,
        0,
        null,
        null,
        1,
        0,
        null,
        null,
        1,
        0,
        null,
        null,
        1,
        0,
        null,
        null,
        1,
        0,
        null,
        null,
        1,
        1,
        null,
        1,
        25,
        25,
        null,
        null,
        1,
        0,
        null,
        null,
        null,
        null
      ],
      "/Users/ogomb/Documents/ride-sharing-app/spec/policies/ride_policy_spec.rb": [
        1,
        null,
        1,
        null,
        1,
        null,
        1,
        null,
        1,
        4,
        null,
        5,
        4,
        null,
        1,
        1,
        null,
        null,
        1,
        1,
        1,
        null,
        null,
        1,
        1,
        null,
        null,
        1,
        1,
        1,
        null,
        null,
        null,
        1,
        13,
        null,
        9,
        13,
        null,
        1,
        3,
        2,
        2,
        null,
        null,
        1,
        3,
        2,
        2,
        null,
        null,
        1,
        3,
        2,
        2,
        null,
        null,
        1,
        3,
        2,
        2,
        null,
        null,
        1,
        1,
        2,
        null,
        2,
        2,
        null,
        1,
        3,
        2,
        2,
        null,
        null,
        null
      ],
      "/Users/ogomb/Documents/ride-sharing-app/app/policies/ride_policy.rb": [
        1,
        1,
        1,
        25,
        20,
        null,
        10,
        null,
        null,
        null,
        1,
        23,
        null,
        null,
        1,
        27,
        null,
        null
      ],
      "/Users/ogomb/Documents/ride-sharing-app/app/controllers/admin/users_controller.rb": [
        1,
        null,
        1,
        1,
        1,
        10,
        null,
        null,
        1,
        3,
        null,
        null,
        1,
        3,
        3,
        3,
        3,
        3,
        null,
        0,
        0,
        null,
        null,
        null,
        1,
        null,
        null,
        1,
        null,
        null,
        1,
        3,
        3,
        null,
        null,
        3,
        3,
        3,
        3,
        3,
        3,
        null,
        0,
        0,
        0,
        null,
        null,
        null,
        null,
        1,
        2,
        1,
        null,
        1,
        1,
        null,
        2,
        null,
        null,
        null,
        1,
        1,
        12,
        null,
        null,
        1,
        6,
        6,
        4,
        3,
        null,
        null,
        null,
        null,
        1,
        15,
        null,
        null,
        1,
        6,
        null,
        null
      ],
      "/Users/ogomb/Documents/ride-sharing-app/app/models/role.rb": [
        1,
        1,
        1,
        null,
        1,
        11,
        null,
        null
      ],
      "/Users/ogomb/Documents/ride-sharing-app/app/models/ride.rb": [
        1,
        1,
        1,
        null,
        1,
        1,
        1,
        null,
        null,
        1,
        29,
        null,
        null,
        1,
        3,
        97,
        null,
        null,
        null
      ],
      "/Users/ogomb/Documents/ride-sharing-app/app/models/interest.rb": [
        1,
        1,
        1,
        null,
        1,
        null
      ]
    },
    "timestamp": 1535118916
  }
}
